<?xml version="1.0" encoding="UTF-8"?>
<testng-results ignored="0" total="2" passed="2" failed="0" skipped="0">
  <reporter-output>
  </reporter-output>
  <suite started-at="2020-11-13T16:28:43 EST" name="Default suite" finished-at="2020-11-13T16:28:47 EST" duration-ms="4744">
    <groups>
    </groups>
    <test started-at="2020-11-13T16:28:43 EST" name="Default test" finished-at="2020-11-13T16:28:47 EST" duration-ms="4744">
      <class name="sw409.RestAssuredDemo.RestDemoTest">
        <test-method signature="testAddCustomer()[pri:0, instance:sw409.RestAssuredDemo.RestDemoTest@5ab9e72c]" started-at="2020-11-13T16:28:43 EST" name="testAddCustomer" finished-at="2020-11-13T16:28:45 EST" duration-ms="2721" status="PASS">
          <reporter-output>
          </reporter-output>
        </test-method> <!-- testAddCustomer -->
        <test-method signature="testGetUser()[pri:0, instance:sw409.RestAssuredDemo.RestDemoTest@5ab9e72c]" started-at="2020-11-13T16:28:45 EST" name="testGetUser" finished-at="2020-11-13T16:28:47 EST" duration-ms="1998" status="PASS">
          <reporter-output>
          </reporter-output>
        </test-method> <!-- testGetUser -->
      </class> <!-- sw409.RestAssuredDemo.RestDemoTest -->
    </test> <!-- Default test -->
  </suite> <!-- Default suite -->
</testng-results>
